  [1m[36mActiveRecord::SchemaMigration Load (49.5ms)[0m  [1mSELECT `schema_migrations`.* FROM `schema_migrations`[0m
  [1m[35mActiveRecord::SchemaMigration Load (0.5ms)[0m  SELECT `schema_migrations`.* FROM `schema_migrations`
  [1m[36m (43.5ms)[0m  [1mSELECT fk.referenced_table_name as 'to_table'
      ,fk.referenced_column_name as 'primary_key'
      ,fk.column_name as 'column'
      ,fk.constraint_name as 'name'
FROM information_schema.key_column_usage fk
WHERE fk.referenced_column_name is not null
  AND fk.table_schema = 'protospace-in-dev_development'
  AND fk.table_name = 'captured_images'
[0m
  [1m[35m (0.5ms)[0m  SHOW CREATE TABLE `captured_images`
  [1m[36m (0.6ms)[0m  [1mSELECT fk.referenced_table_name as 'to_table'
      ,fk.referenced_column_name as 'primary_key'
      ,fk.column_name as 'column'
      ,fk.constraint_name as 'name'
FROM information_schema.key_column_usage fk
WHERE fk.referenced_column_name is not null
  AND fk.table_schema = 'protospace-in-dev_development'
  AND fk.table_name = 'prototypes'
[0m
  [1m[35m (0.3ms)[0m  SHOW CREATE TABLE `prototypes`
  [1m[36m (0.6ms)[0m  [1mSELECT fk.referenced_table_name as 'to_table'
      ,fk.referenced_column_name as 'primary_key'
      ,fk.column_name as 'column'
      ,fk.constraint_name as 'name'
FROM information_schema.key_column_usage fk
WHERE fk.referenced_column_name is not null
  AND fk.table_schema = 'protospace-in-dev_development'
  AND fk.table_name = 'users'
[0m
  [1m[35m (0.3ms)[0m  SHOW CREATE TABLE `users`


Started GET "/" for ::1 at 2018-02-14 09:32:42 +0900

ActiveRecord::NoDatabaseError (Unknown database 'protospace-in-dev_development'):
  activerecord (4.2.5) lib/active_record/connection_adapters/mysql2_adapter.rb:23:in `rescue in mysql2_connection'
  activerecord (4.2.5) lib/active_record/connection_adapters/mysql2_adapter.rb:10:in `mysql2_connection'
  activerecord (4.2.5) lib/active_record/connection_adapters/abstract/connection_pool.rb:438:in `new_connection'
  activerecord (4.2.5) lib/active_record/connection_adapters/abstract/connection_pool.rb:448:in `checkout_new_connection'
  activerecord (4.2.5) lib/active_record/connection_adapters/abstract/connection_pool.rb:422:in `acquire_connection'
  activerecord (4.2.5) lib/active_record/connection_adapters/abstract/connection_pool.rb:349:in `block in checkout'
  /Users/yokomizoyuuki/.rbenv/versions/2.3.1/lib/ruby/2.3.0/monitor.rb:214:in `mon_synchronize'
  activerecord (4.2.5) lib/active_record/connection_adapters/abstract/connection_pool.rb:348:in `checkout'
  activerecord (4.2.5) lib/active_record/connection_adapters/abstract/connection_pool.rb:263:in `block in connection'
  /Users/yokomizoyuuki/.rbenv/versions/2.3.1/lib/ruby/2.3.0/monitor.rb:214:in `mon_synchronize'
  activerecord (4.2.5) lib/active_record/connection_adapters/abstract/connection_pool.rb:262:in `connection'
  activerecord (4.2.5) lib/active_record/connection_adapters/abstract/connection_pool.rb:571:in `retrieve_connection'
  activerecord (4.2.5) lib/active_record/connection_handling.rb:113:in `retrieve_connection'
  activerecord (4.2.5) lib/active_record/connection_handling.rb:87:in `connection'
  activerecord (4.2.5) lib/active_record/migration.rb:383:in `connection'
  activerecord (4.2.5) lib/active_record/migration.rb:370:in `call'
  actionpack (4.2.5) lib/action_dispatch/middleware/callbacks.rb:29:in `block in call'
  activesupport (4.2.5) lib/active_support/callbacks.rb:88:in `__run_callbacks__'
  activesupport (4.2.5) lib/active_support/callbacks.rb:778:in `_run_call_callbacks'
  activesupport (4.2.5) lib/active_support/callbacks.rb:81:in `run_callbacks'
  actionpack (4.2.5) lib/action_dispatch/middleware/callbacks.rb:27:in `call'
  actionpack (4.2.5) lib/action_dispatch/middleware/reloader.rb:73:in `call'
  actionpack (4.2.5) lib/action_dispatch/middleware/remote_ip.rb:78:in `call'
  actionpack (4.2.5) lib/action_dispatch/middleware/debug_exceptions.rb:17:in `call'
  web-console (2.3.0) lib/web_console/middleware.rb:28:in `block in call'
  web-console (2.3.0) lib/web_console/middleware.rb:18:in `catch'
  web-console (2.3.0) lib/web_console/middleware.rb:18:in `call'
  actionpack (4.2.5) lib/action_dispatch/middleware/show_exceptions.rb:30:in `call'
  railties (4.2.5) lib/rails/rack/logger.rb:38:in `call_app'
  railties (4.2.5) lib/rails/rack/logger.rb:20:in `block in call'
  activesupport (4.2.5) lib/active_support/tagged_logging.rb:68:in `block in tagged'
  activesupport (4.2.5) lib/active_support/tagged_logging.rb:26:in `tagged'
  activesupport (4.2.5) lib/active_support/tagged_logging.rb:68:in `tagged'
  railties (4.2.5) lib/rails/rack/logger.rb:20:in `call'
  actionpack (4.2.5) lib/action_dispatch/middleware/request_id.rb:21:in `call'
  rack (1.6.8) lib/rack/methodoverride.rb:22:in `call'
  rack (1.6.8) lib/rack/runtime.rb:18:in `call'
  activesupport (4.2.5) lib/active_support/cache/strategy/local_cache_middleware.rb:28:in `call'
  rack (1.6.8) lib/rack/lock.rb:17:in `call'
  actionpack (4.2.5) lib/action_dispatch/middleware/static.rb:116:in `call'
  rack (1.6.8) lib/rack/sendfile.rb:113:in `call'
  railties (4.2.5) lib/rails/engine.rb:518:in `call'
  railties (4.2.5) lib/rails/application.rb:165:in `call'
  rack (1.6.8) lib/rack/lock.rb:17:in `call'
  rack (1.6.8) lib/rack/content_length.rb:15:in `call'
  rack (1.6.8) lib/rack/handler/webrick.rb:88:in `service'
  /Users/yokomizoyuuki/.rbenv/versions/2.3.1/lib/ruby/2.3.0/webrick/httpserver.rb:140:in `service'
  /Users/yokomizoyuuki/.rbenv/versions/2.3.1/lib/ruby/2.3.0/webrick/httpserver.rb:96:in `run'
  /Users/yokomizoyuuki/.rbenv/versions/2.3.1/lib/ruby/2.3.0/webrick/server.rb:296:in `block in start_thread'


  Rendered /Users/yokomizoyuuki/.rbenv/versions/2.3.1/lib/ruby/gems/2.3.0/gems/actionpack-4.2.5/lib/action_dispatch/middleware/templates/rescues/_source.erb (3.2ms)
  Rendered /Users/yokomizoyuuki/.rbenv/versions/2.3.1/lib/ruby/gems/2.3.0/gems/actionpack-4.2.5/lib/action_dispatch/middleware/templates/rescues/_trace.html.erb (1.4ms)
  Rendered /Users/yokomizoyuuki/.rbenv/versions/2.3.1/lib/ruby/gems/2.3.0/gems/actionpack-4.2.5/lib/action_dispatch/middleware/templates/rescues/_request_and_response.html.erb (0.8ms)
  Rendered /Users/yokomizoyuuki/.rbenv/versions/2.3.1/lib/ruby/gems/2.3.0/gems/actionpack-4.2.5/lib/action_dispatch/middleware/templates/rescues/diagnostics.html.erb within rescues/layout (85.2ms)
  Rendered /Users/yokomizoyuuki/.rbenv/versions/2.3.1/lib/ruby/gems/2.3.0/gems/web-console-2.3.0/lib/web_console/templates/_markup.html.erb (0.5ms)
  Rendered /Users/yokomizoyuuki/.rbenv/versions/2.3.1/lib/ruby/gems/2.3.0/gems/web-console-2.3.0/lib/web_console/templates/_inner_console_markup.html.erb within layouts/inlined_string (0.3ms)
  Rendered /Users/yokomizoyuuki/.rbenv/versions/2.3.1/lib/ruby/gems/2.3.0/gems/web-console-2.3.0/lib/web_console/templates/_prompt_box_markup.html.erb within layouts/inlined_string (0.3ms)
  Rendered /Users/yokomizoyuuki/.rbenv/versions/2.3.1/lib/ruby/gems/2.3.0/gems/web-console-2.3.0/lib/web_console/templates/style.css.erb within layouts/inlined_string (0.3ms)
  Rendered /Users/yokomizoyuuki/.rbenv/versions/2.3.1/lib/ruby/gems/2.3.0/gems/web-console-2.3.0/lib/web_console/templates/console.js.erb within layouts/javascript (86.5ms)
  Rendered /Users/yokomizoyuuki/.rbenv/versions/2.3.1/lib/ruby/gems/2.3.0/gems/web-console-2.3.0/lib/web_console/templates/main.js.erb within layouts/javascript (0.3ms)
  Rendered /Users/yokomizoyuuki/.rbenv/versions/2.3.1/lib/ruby/gems/2.3.0/gems/web-console-2.3.0/lib/web_console/templates/error_page.js.erb within layouts/javascript (0.4ms)
  Rendered /Users/yokomizoyuuki/.rbenv/versions/2.3.1/lib/ruby/gems/2.3.0/gems/web-console-2.3.0/lib/web_console/templates/index.html.erb (180.3ms)
  [1m[36m (38.8ms)[0m  [1mCREATE TABLE `schema_migrations` (`version` varchar(255) NOT NULL) ENGINE=InnoDB[0m
  [1m[35m (16.0ms)[0m  CREATE UNIQUE INDEX `unique_schema_migrations`  ON `schema_migrations` (`version`) 
  [1m[36mActiveRecord::SchemaMigration Load (0.5ms)[0m  [1mSELECT `schema_migrations`.* FROM `schema_migrations`[0m
Migrating to DeviseCreateUsers (20160323125221)
  [1m[35m (9.7ms)[0m  CREATE TABLE `users` (`id` int(11) auto_increment PRIMARY KEY, `email` varchar(255) DEFAULT '' NOT NULL, `encrypted_password` varchar(255) DEFAULT '' NOT NULL, `reset_password_token` varchar(255), `reset_password_sent_at` datetime, `remember_created_at` datetime, `sign_in_count` int(11) DEFAULT 0 NOT NULL, `current_sign_in_at` datetime, `last_sign_in_at` datetime, `current_sign_in_ip` varchar(255), `last_sign_in_ip` varchar(255), `name` varchar(255), `profile` text, `position` varchar(255), `occupation` text, `avatar` varchar(255), `created_at` datetime NOT NULL, `updated_at` datetime NOT NULL) ENGINE=InnoDB
  [1m[36m (12.1ms)[0m  [1mCREATE UNIQUE INDEX `index_users_on_email`  ON `users` (`email`) [0m
  [1m[35m (12.8ms)[0m  CREATE UNIQUE INDEX `index_users_on_reset_password_token`  ON `users` (`reset_password_token`) 
  [1m[36m (0.1ms)[0m  [1mBEGIN[0m
  [1m[35mSQL (0.8ms)[0m  INSERT INTO `schema_migrations` (`version`) VALUES ('20160323125221')
  [1m[36m (0.3ms)[0m  [1mCOMMIT[0m
Migrating to CreatePrototypes (20160405022458)
  [1m[35m (12.1ms)[0m  CREATE TABLE `prototypes` (`id` int(11) auto_increment PRIMARY KEY, `title` varchar(255), `catch_copy` varchar(255), `concept` text, `user_id` int(11), `created_at` datetime NOT NULL, `updated_at` datetime NOT NULL,  INDEX `index_prototypes_on_user_id`  (`user_id`) ) ENGINE=InnoDB
  [1m[36m (21.6ms)[0m  [1mALTER TABLE `prototypes` ADD CONSTRAINT `fk_rails_8add56efc2`
FOREIGN KEY (`user_id`)
  REFERENCES `users` (`id`)
[0m
  [1m[35m (0.2ms)[0m  BEGIN
  [1m[36mSQL (0.2ms)[0m  [1mINSERT INTO `schema_migrations` (`version`) VALUES ('20160405022458')[0m
  [1m[35m (0.3ms)[0m  COMMIT
Migrating to CreateCapturedImages (20160405022520)
  [1m[36m (11.1ms)[0m  [1mCREATE TABLE `captured_images` (`id` int(11) auto_increment PRIMARY KEY, `content` varchar(255), `status` int(11), `prototype_id` int(11),  INDEX `index_captured_images_on_prototype_id`  (`prototype_id`) ) ENGINE=InnoDB[0m
  [1m[35m (16.7ms)[0m  ALTER TABLE `captured_images` ADD CONSTRAINT `fk_rails_9e708a4f57`
FOREIGN KEY (`prototype_id`)
  REFERENCES `prototypes` (`id`)

  [1m[36m (0.1ms)[0m  [1mBEGIN[0m
  [1m[35mSQL (0.1ms)[0m  INSERT INTO `schema_migrations` (`version`) VALUES ('20160405022520')
  [1m[36m (0.4ms)[0m  [1mCOMMIT[0m
  [1m[35mActiveRecord::SchemaMigration Load (0.7ms)[0m  SELECT `schema_migrations`.* FROM `schema_migrations`
  [1m[36m (2.0ms)[0m  [1mSELECT fk.referenced_table_name as 'to_table'
      ,fk.referenced_column_name as 'primary_key'
      ,fk.column_name as 'column'
      ,fk.constraint_name as 'name'
FROM information_schema.key_column_usage fk
WHERE fk.referenced_column_name is not null
  AND fk.table_schema = 'protospace-in-dev_development'
  AND fk.table_name = 'captured_images'
[0m
  [1m[35m (0.1ms)[0m  SHOW CREATE TABLE `captured_images`
  [1m[36m (0.4ms)[0m  [1mSELECT fk.referenced_table_name as 'to_table'
      ,fk.referenced_column_name as 'primary_key'
      ,fk.column_name as 'column'
      ,fk.constraint_name as 'name'
FROM information_schema.key_column_usage fk
WHERE fk.referenced_column_name is not null
  AND fk.table_schema = 'protospace-in-dev_development'
  AND fk.table_name = 'prototypes'
[0m
  [1m[35m (0.1ms)[0m  SHOW CREATE TABLE `prototypes`
  [1m[36m (0.2ms)[0m  [1mSELECT fk.referenced_table_name as 'to_table'
      ,fk.referenced_column_name as 'primary_key'
      ,fk.column_name as 'column'
      ,fk.constraint_name as 'name'
FROM information_schema.key_column_usage fk
WHERE fk.referenced_column_name is not null
  AND fk.table_schema = 'protospace-in-dev_development'
  AND fk.table_name = 'users'
[0m
  [1m[35m (0.1ms)[0m  SHOW CREATE TABLE `users`


Started GET "/" for ::1 at 2018-02-14 09:35:02 +0900
  [1m[36mActiveRecord::SchemaMigration Load (0.2ms)[0m  [1mSELECT `schema_migrations`.* FROM `schema_migrations`[0m
Processing by PrototypesController#index as HTML
DEPRECATION WARNING: Extra .css in SCSS file is unnecessary. Rename /Users/yokomizoyuuki/projects/22_protospace_team-a/app/assets/stylesheets/protospace.css.scss to /Users/yokomizoyuuki/projects/22_protospace_team-a/app/assets/stylesheets/protospace.scss. (called from _app_views_prototypes_index_html_haml___4602495876911208078_70109129842140 at /Users/yokomizoyuuki/projects/22_protospace_team-a/app/views/prototypes/index.html.haml:3)
  Rendered prototypes/index.html.haml within layouts/application (2713.4ms)
Completed 500 Internal Server Error in 2747ms (ActiveRecord: 0.0ms)

ActionView::Template::Error (Invalid CSS after "}": expected "}", was ""):
    1: .jumbotron
    2:   .container.text-center
    3:     = image_tag("header_logo.png", alt: "PROTO TYPE - SHARE THE PROTOTYPE", height: "73px")
    4: 
    5: .filter-nav
    6:   .container
  app/assets/stylesheets/protospace.css.scss:638
  app/assets/stylesheets/application.css.scss:3
  app/views/prototypes/index.html.haml:3:in `_app_views_prototypes_index_html_haml___4602495876911208078_70109129842140'


  Rendered /Users/yokomizoyuuki/.rbenv/versions/2.3.1/lib/ruby/gems/2.3.0/gems/actionpack-4.2.5/lib/action_dispatch/middleware/templates/rescues/_source.erb (7.1ms)
  Rendered /Users/yokomizoyuuki/.rbenv/versions/2.3.1/lib/ruby/gems/2.3.0/gems/actionpack-4.2.5/lib/action_dispatch/middleware/templates/rescues/_trace.html.erb (3.0ms)
  Rendered /Users/yokomizoyuuki/.rbenv/versions/2.3.1/lib/ruby/gems/2.3.0/gems/actionpack-4.2.5/lib/action_dispatch/middleware/templates/rescues/_request_and_response.html.erb (0.7ms)
  Rendered /Users/yokomizoyuuki/.rbenv/versions/2.3.1/lib/ruby/gems/2.3.0/gems/actionpack-4.2.5/lib/action_dispatch/middleware/templates/rescues/template_error.html.erb within rescues/layout (87.2ms)
  Rendered /Users/yokomizoyuuki/.rbenv/versions/2.3.1/lib/ruby/gems/2.3.0/gems/web-console-2.3.0/lib/web_console/templates/_markup.html.erb (0.5ms)
  Rendered /Users/yokomizoyuuki/.rbenv/versions/2.3.1/lib/ruby/gems/2.3.0/gems/web-console-2.3.0/lib/web_console/templates/_inner_console_markup.html.erb within layouts/inlined_string (0.3ms)
  Rendered /Users/yokomizoyuuki/.rbenv/versions/2.3.1/lib/ruby/gems/2.3.0/gems/web-console-2.3.0/lib/web_console/templates/_prompt_box_markup.html.erb within layouts/inlined_string (0.3ms)
  Rendered /Users/yokomizoyuuki/.rbenv/versions/2.3.1/lib/ruby/gems/2.3.0/gems/web-console-2.3.0/lib/web_console/templates/style.css.erb within layouts/inlined_string (0.4ms)
  Rendered /Users/yokomizoyuuki/.rbenv/versions/2.3.1/lib/ruby/gems/2.3.0/gems/web-console-2.3.0/lib/web_console/templates/console.js.erb within layouts/javascript (75.0ms)
  Rendered /Users/yokomizoyuuki/.rbenv/versions/2.3.1/lib/ruby/gems/2.3.0/gems/web-console-2.3.0/lib/web_console/templates/main.js.erb within layouts/javascript (0.4ms)
  Rendered /Users/yokomizoyuuki/.rbenv/versions/2.3.1/lib/ruby/gems/2.3.0/gems/web-console-2.3.0/lib/web_console/templates/error_page.js.erb within layouts/javascript (0.3ms)
  Rendered /Users/yokomizoyuuki/.rbenv/versions/2.3.1/lib/ruby/gems/2.3.0/gems/web-console-2.3.0/lib/web_console/templates/index.html.erb (171.4ms)


Started GET "/" for ::1 at 2018-02-14 09:35:06 +0900
Processing by PrototypesController#index as HTML
DEPRECATION WARNING: Extra .css in SCSS file is unnecessary. Rename /Users/yokomizoyuuki/projects/22_protospace_team-a/app/assets/stylesheets/protospace.css.scss to /Users/yokomizoyuuki/projects/22_protospace_team-a/app/assets/stylesheets/protospace.scss. (called from _app_views_prototypes_index_html_haml___4602495876911208078_70109129842140 at /Users/yokomizoyuuki/projects/22_protospace_team-a/app/views/prototypes/index.html.haml:3)
  Rendered prototypes/index.html.haml within layouts/application (609.6ms)
Completed 500 Internal Server Error in 614ms (ActiveRecord: 0.0ms)

ActionView::Template::Error (Invalid CSS after "}": expected "}", was ""):
    1: .jumbotron
    2:   .container.text-center
    3:     = image_tag("header_logo.png", alt: "PROTO TYPE - SHARE THE PROTOTYPE", height: "73px")
    4: 
    5: .filter-nav
    6:   .container
  app/assets/stylesheets/protospace.css.scss:638
  app/assets/stylesheets/application.css.scss:3
  app/views/prototypes/index.html.haml:3:in `_app_views_prototypes_index_html_haml___4602495876911208078_70109129842140'


  Rendered /Users/yokomizoyuuki/.rbenv/versions/2.3.1/lib/ruby/gems/2.3.0/gems/actionpack-4.2.5/lib/action_dispatch/middleware/templates/rescues/_source.erb (7.6ms)
  Rendered /Users/yokomizoyuuki/.rbenv/versions/2.3.1/lib/ruby/gems/2.3.0/gems/actionpack-4.2.5/lib/action_dispatch/middleware/templates/rescues/_trace.html.erb (3.0ms)
  Rendered /Users/yokomizoyuuki/.rbenv/versions/2.3.1/lib/ruby/gems/2.3.0/gems/actionpack-4.2.5/lib/action_dispatch/middleware/templates/rescues/_request_and_response.html.erb (0.7ms)
  Rendered /Users/yokomizoyuuki/.rbenv/versions/2.3.1/lib/ruby/gems/2.3.0/gems/actionpack-4.2.5/lib/action_dispatch/middleware/templates/rescues/template_error.html.erb within rescues/layout (76.3ms)
  Rendered /Users/yokomizoyuuki/.rbenv/versions/2.3.1/lib/ruby/gems/2.3.0/gems/web-console-2.3.0/lib/web_console/templates/_markup.html.erb (0.4ms)
  Rendered /Users/yokomizoyuuki/.rbenv/versions/2.3.1/lib/ruby/gems/2.3.0/gems/web-console-2.3.0/lib/web_console/templates/_inner_console_markup.html.erb within layouts/inlined_string (0.3ms)
  Rendered /Users/yokomizoyuuki/.rbenv/versions/2.3.1/lib/ruby/gems/2.3.0/gems/web-console-2.3.0/lib/web_console/templates/_prompt_box_markup.html.erb within layouts/inlined_string (0.3ms)
  Rendered /Users/yokomizoyuuki/.rbenv/versions/2.3.1/lib/ruby/gems/2.3.0/gems/web-console-2.3.0/lib/web_console/templates/style.css.erb within layouts/inlined_string (0.3ms)
  Rendered /Users/yokomizoyuuki/.rbenv/versions/2.3.1/lib/ruby/gems/2.3.0/gems/web-console-2.3.0/lib/web_console/templates/console.js.erb within layouts/javascript (64.3ms)
  Rendered /Users/yokomizoyuuki/.rbenv/versions/2.3.1/lib/ruby/gems/2.3.0/gems/web-console-2.3.0/lib/web_console/templates/main.js.erb within layouts/javascript (0.3ms)
  Rendered /Users/yokomizoyuuki/.rbenv/versions/2.3.1/lib/ruby/gems/2.3.0/gems/web-console-2.3.0/lib/web_console/templates/error_page.js.erb within layouts/javascript (0.4ms)
  Rendered /Users/yokomizoyuuki/.rbenv/versions/2.3.1/lib/ruby/gems/2.3.0/gems/web-console-2.3.0/lib/web_console/templates/index.html.erb (143.9ms)


Started GET "/" for ::1 at 2018-02-14 09:41:46 +0900
Processing by PrototypesController#index as HTML
DEPRECATION WARNING: Extra .css in SCSS file is unnecessary. Rename /Users/yokomizoyuuki/projects/22_protospace_team-a/app/assets/stylesheets/protospace.css.scss to /Users/yokomizoyuuki/projects/22_protospace_team-a/app/assets/stylesheets/protospace.scss. (called from _app_views_prototypes_index_html_haml___4602495876911208078_70109129842140 at /Users/yokomizoyuuki/projects/22_protospace_team-a/app/views/prototypes/index.html.haml:3)
DEPRECATION WARNING: Extra .css in SCSS file is unnecessary. Rename /Users/yokomizoyuuki/projects/22_protospace_team-a/app/assets/stylesheets/protospace.css.scss to /Users/yokomizoyuuki/projects/22_protospace_team-a/app/assets/stylesheets/protospace.scss. (called from _app_views_prototypes_index_html_haml___4602495876911208078_70109129842140 at /Users/yokomizoyuuki/projects/22_protospace_team-a/app/views/prototypes/index.html.haml:3)
  [1m[35mPrototype Load (0.3ms)[0m  SELECT `prototypes`.* FROM `prototypes`
  Rendered prototypes/_prototype.html.haml (0.0ms)
  Rendered prototypes/index.html.haml within layouts/application (1707.9ms)
  Rendered shared/_header.html.haml (17.4ms)
  Rendered shared/_messages.html.haml (2.9ms)
  Rendered shared/_footer.html.haml (8.6ms)
Completed 200 OK in 1829ms (Views: 1825.9ms | ActiveRecord: 2.4ms)


Started GET "/assets/application.self-1c082ac3c42af52351e1e4c54b89fae3d070b4e179f6d5954bfcd3a6e991ced5.css?body=1" for ::1 at 2018-02-14 09:41:48 +0900


Started GET "/assets/application.self-f8806224e027f3e3f0138ea9ce99319e298dfdb323304d1f1be6eae8e8c74724.js?body=1" for ::1 at 2018-02-14 09:41:48 +0900


Started GET "/assets/turbolinks.self-1d1fddf91adc38ac2045c51f0a3e05ca97d07d24d15a4dcbf705009106489e69.js?body=1" for ::1 at 2018-02-14 09:41:48 +0900


Started GET "/assets/bootstrap.self-b38817c3e3a3049abb1fc08dd6ae448b23330f8453226efdb074710209474f75.js?body=1" for ::1 at 2018-02-14 09:41:48 +0900


Started GET "/assets/logo-b99f177af8fb82de2d6d7b86e95c7f329d3d143edd8b225bc2875ad9dd6e0cc3.png" for ::1 at 2018-02-14 09:41:48 +0900


Started GET "/assets/header_logo-8d6ed49cb878026108dcfff6307c69ed2159e006f3ca557869cbfa1cc655a672.png" for ::1 at 2018-02-14 09:41:48 +0900


Started GET "/assets/header_bg-7f8478d544f567fa0568c7851ea2a3d9b914a090658efc7770e6e1d85842b7ef.png" for ::1 at 2018-02-14 09:41:48 +0900


Started GET "/" for ::1 at 2018-02-14 16:10:21 +0900

ActiveRecord::PendingMigrationError (

Migrations are pending. To resolve this issue, run:

	bin/rake db:migrate RAILS_ENV=development

):
  activerecord (4.2.5) lib/active_record/migration.rb:392:in `check_pending!'
  activerecord (4.2.5) lib/active_record/migration.rb:373:in `call'
  actionpack (4.2.5) lib/action_dispatch/middleware/callbacks.rb:29:in `block in call'
  activesupport (4.2.5) lib/active_support/callbacks.rb:88:in `__run_callbacks__'
  activesupport (4.2.5) lib/active_support/callbacks.rb:778:in `_run_call_callbacks'
  activesupport (4.2.5) lib/active_support/callbacks.rb:81:in `run_callbacks'
  actionpack (4.2.5) lib/action_dispatch/middleware/callbacks.rb:27:in `call'
  actionpack (4.2.5) lib/action_dispatch/middleware/reloader.rb:73:in `call'
  actionpack (4.2.5) lib/action_dispatch/middleware/remote_ip.rb:78:in `call'
  actionpack (4.2.5) lib/action_dispatch/middleware/debug_exceptions.rb:17:in `call'
  web-console (2.3.0) lib/web_console/middleware.rb:28:in `block in call'
  web-console (2.3.0) lib/web_console/middleware.rb:18:in `catch'
  web-console (2.3.0) lib/web_console/middleware.rb:18:in `call'
  actionpack (4.2.5) lib/action_dispatch/middleware/show_exceptions.rb:30:in `call'
  railties (4.2.5) lib/rails/rack/logger.rb:38:in `call_app'
  railties (4.2.5) lib/rails/rack/logger.rb:20:in `block in call'
  activesupport (4.2.5) lib/active_support/tagged_logging.rb:68:in `block in tagged'
  activesupport (4.2.5) lib/active_support/tagged_logging.rb:26:in `tagged'
  activesupport (4.2.5) lib/active_support/tagged_logging.rb:68:in `tagged'
  railties (4.2.5) lib/rails/rack/logger.rb:20:in `call'
  actionpack (4.2.5) lib/action_dispatch/middleware/request_id.rb:21:in `call'
  rack (1.6.8) lib/rack/methodoverride.rb:22:in `call'
  rack (1.6.8) lib/rack/runtime.rb:18:in `call'
  activesupport (4.2.5) lib/active_support/cache/strategy/local_cache_middleware.rb:28:in `call'
  rack (1.6.8) lib/rack/lock.rb:17:in `call'
  actionpack (4.2.5) lib/action_dispatch/middleware/static.rb:116:in `call'
  rack (1.6.8) lib/rack/sendfile.rb:113:in `call'
  railties (4.2.5) lib/rails/engine.rb:518:in `call'
  railties (4.2.5) lib/rails/application.rb:165:in `call'
  rack (1.6.8) lib/rack/lock.rb:17:in `call'
  rack (1.6.8) lib/rack/content_length.rb:15:in `call'
  rack (1.6.8) lib/rack/handler/webrick.rb:88:in `service'
  /Users/yusukeharada/.rbenv/versions/2.3.1/lib/ruby/2.3.0/webrick/httpserver.rb:140:in `service'
  /Users/yusukeharada/.rbenv/versions/2.3.1/lib/ruby/2.3.0/webrick/httpserver.rb:96:in `run'
  /Users/yusukeharada/.rbenv/versions/2.3.1/lib/ruby/2.3.0/webrick/server.rb:296:in `block in start_thread'


  Rendered /Users/yusukeharada/.rbenv/versions/2.3.1/lib/ruby/gems/2.3.0/gems/actionpack-4.2.5/lib/action_dispatch/middleware/templates/rescues/_source.erb (3.5ms)
  Rendered /Users/yusukeharada/.rbenv/versions/2.3.1/lib/ruby/gems/2.3.0/gems/actionpack-4.2.5/lib/action_dispatch/middleware/templates/rescues/_trace.html.erb (2.2ms)
  Rendered /Users/yusukeharada/.rbenv/versions/2.3.1/lib/ruby/gems/2.3.0/gems/actionpack-4.2.5/lib/action_dispatch/middleware/templates/rescues/_request_and_response.html.erb (1.1ms)
  Rendered /Users/yusukeharada/.rbenv/versions/2.3.1/lib/ruby/gems/2.3.0/gems/actionpack-4.2.5/lib/action_dispatch/middleware/templates/rescues/diagnostics.html.erb within rescues/layout (216.0ms)
  Rendered /Users/yusukeharada/.rbenv/versions/2.3.1/lib/ruby/gems/2.3.0/gems/web-console-2.3.0/lib/web_console/templates/_markup.html.erb (0.7ms)
  Rendered /Users/yusukeharada/.rbenv/versions/2.3.1/lib/ruby/gems/2.3.0/gems/web-console-2.3.0/lib/web_console/templates/_inner_console_markup.html.erb within layouts/inlined_string (0.4ms)
  Rendered /Users/yusukeharada/.rbenv/versions/2.3.1/lib/ruby/gems/2.3.0/gems/web-console-2.3.0/lib/web_console/templates/_prompt_box_markup.html.erb within layouts/inlined_string (0.6ms)
  Rendered /Users/yusukeharada/.rbenv/versions/2.3.1/lib/ruby/gems/2.3.0/gems/web-console-2.3.0/lib/web_console/templates/style.css.erb within layouts/inlined_string (0.5ms)
  Rendered /Users/yusukeharada/.rbenv/versions/2.3.1/lib/ruby/gems/2.3.0/gems/web-console-2.3.0/lib/web_console/templates/console.js.erb within layouts/javascript (211.9ms)
  Rendered /Users/yusukeharada/.rbenv/versions/2.3.1/lib/ruby/gems/2.3.0/gems/web-console-2.3.0/lib/web_console/templates/main.js.erb within layouts/javascript (0.4ms)
  Rendered /Users/yusukeharada/.rbenv/versions/2.3.1/lib/ruby/gems/2.3.0/gems/web-console-2.3.0/lib/web_console/templates/error_page.js.erb within layouts/javascript (0.7ms)
  Rendered /Users/yusukeharada/.rbenv/versions/2.3.1/lib/ruby/gems/2.3.0/gems/web-console-2.3.0/lib/web_console/templates/index.html.erb (506.8ms)
  [1m[36m (404.5ms)[0m  [1mCREATE TABLE `schema_migrations` (`version` varchar(255) NOT NULL) ENGINE=InnoDB[0m
  [1m[35m (431.8ms)[0m  CREATE UNIQUE INDEX `unique_schema_migrations`  ON `schema_migrations` (`version`) 
  [1m[36mActiveRecord::SchemaMigration Load (0.6ms)[0m  [1mSELECT `schema_migrations`.* FROM `schema_migrations`[0m
Migrating to DeviseCreateUsers (20160323125221)
  [1m[35m (228.5ms)[0m  CREATE TABLE `users` (`id` int(11) auto_increment PRIMARY KEY, `email` varchar(255) DEFAULT '' NOT NULL, `encrypted_password` varchar(255) DEFAULT '' NOT NULL, `reset_password_token` varchar(255), `reset_password_sent_at` datetime, `remember_created_at` datetime, `sign_in_count` int(11) DEFAULT 0 NOT NULL, `current_sign_in_at` datetime, `last_sign_in_at` datetime, `current_sign_in_ip` varchar(255), `last_sign_in_ip` varchar(255), `name` varchar(255), `profile` text, `position` varchar(255), `occupation` text, `avatar` varchar(255), `created_at` datetime NOT NULL, `updated_at` datetime NOT NULL) ENGINE=InnoDB
  [1m[36m (218.3ms)[0m  [1mCREATE UNIQUE INDEX `index_users_on_email`  ON `users` (`email`) [0m
  [1m[35m (198.7ms)[0m  CREATE UNIQUE INDEX `index_users_on_reset_password_token`  ON `users` (`reset_password_token`) 
  [1m[36m (0.2ms)[0m  [1mBEGIN[0m
  [1m[35mSQL (0.4ms)[0m  INSERT INTO `schema_migrations` (`version`) VALUES ('20160323125221')
  [1m[36m (17.5ms)[0m  [1mCOMMIT[0m
Migrating to CreatePrototypes (20160405022458)
  [1m[35m (234.5ms)[0m  CREATE TABLE `prototypes` (`id` int(11) auto_increment PRIMARY KEY, `title` varchar(255), `catch_copy` varchar(255), `concept` text, `user_id` int(11), `created_at` datetime NOT NULL, `updated_at` datetime NOT NULL,  INDEX `index_prototypes_on_user_id`  (`user_id`) ) ENGINE=InnoDB
  [1m[36m (578.7ms)[0m  [1mALTER TABLE `prototypes` ADD CONSTRAINT `fk_rails_8add56efc2`
FOREIGN KEY (`user_id`)
  REFERENCES `users` (`id`)
[0m
  [1m[35m (0.8ms)[0m  BEGIN
  [1m[36mSQL (0.6ms)[0m  [1mINSERT INTO `schema_migrations` (`version`) VALUES ('20160405022458')[0m
  [1m[35m (30.6ms)[0m  COMMIT
Migrating to CreateCapturedImages (20160405022520)
  [1m[36m (263.4ms)[0m  [1mCREATE TABLE `captured_images` (`id` int(11) auto_increment PRIMARY KEY, `content` varchar(255), `status` int(11), `prototype_id` int(11),  INDEX `index_captured_images_on_prototype_id`  (`prototype_id`) ) ENGINE=InnoDB[0m
  [1m[35m (558.2ms)[0m  ALTER TABLE `captured_images` ADD CONSTRAINT `fk_rails_9e708a4f57`
FOREIGN KEY (`prototype_id`)
  REFERENCES `prototypes` (`id`)

  [1m[36m (0.1ms)[0m  [1mBEGIN[0m
  [1m[35mSQL (0.2ms)[0m  INSERT INTO `schema_migrations` (`version`) VALUES ('20160405022520')
  [1m[36m (33.2ms)[0m  [1mCOMMIT[0m
  [1m[35mActiveRecord::SchemaMigration Load (0.3ms)[0m  SELECT `schema_migrations`.* FROM `schema_migrations`
  [1m[36m (0.5ms)[0m  [1mSELECT fk.referenced_table_name as 'to_table'
      ,fk.referenced_column_name as 'primary_key'
      ,fk.column_name as 'column'
      ,fk.constraint_name as 'name'
FROM information_schema.key_column_usage fk
WHERE fk.referenced_column_name is not null
  AND fk.table_schema = 'protospace-in-dev_development'
  AND fk.table_name = 'captured_images'
[0m
  [1m[35m (0.2ms)[0m  SHOW CREATE TABLE `captured_images`
  [1m[36m (0.4ms)[0m  [1mSELECT fk.referenced_table_name as 'to_table'
      ,fk.referenced_column_name as 'primary_key'
      ,fk.column_name as 'column'
      ,fk.constraint_name as 'name'
FROM information_schema.key_column_usage fk
WHERE fk.referenced_column_name is not null
  AND fk.table_schema = 'protospace-in-dev_development'
  AND fk.table_name = 'prototypes'
[0m
  [1m[35m (0.2ms)[0m  SHOW CREATE TABLE `prototypes`
  [1m[36m (0.3ms)[0m  [1mSELECT fk.referenced_table_name as 'to_table'
      ,fk.referenced_column_name as 'primary_key'
      ,fk.column_name as 'column'
      ,fk.constraint_name as 'name'
FROM information_schema.key_column_usage fk
WHERE fk.referenced_column_name is not null
  AND fk.table_schema = 'protospace-in-dev_development'
  AND fk.table_name = 'users'
[0m
  [1m[35m (0.3ms)[0m  SHOW CREATE TABLE `users`


Started GET "/" for ::1 at 2018-02-14 16:11:14 +0900
  [1m[36mActiveRecord::SchemaMigration Load (2.3ms)[0m  [1mSELECT `schema_migrations`.* FROM `schema_migrations`[0m
Processing by PrototypesController#index as HTML
  [1m[35mPrototype Load (0.5ms)[0m  SELECT `prototypes`.* FROM `prototypes`
  Rendered prototypes/_prototype.html.haml (0.0ms)
  Rendered prototypes/index.html.haml within layouts/application (762.9ms)
  [1m[36mUser Load (23.1ms)[0m  [1mSELECT  `users`.* FROM `users` WHERE `users`.`id` = 1  ORDER BY `users`.`id` ASC LIMIT 1[0m
  Rendered shared/_header.html.haml (55.8ms)
  Rendered shared/_messages.html.haml (4.1ms)
  Rendered shared/_footer.html.haml (2.7ms)
Completed 200 OK in 1034ms (Views: 967.9ms | ActiveRecord: 25.5ms)


Started GET "/users/sign_in" for ::1 at 2018-02-14 16:11:25 +0900
Processing by Devise::SessionsController#new as HTML
  Rendered devise/sessions/new.html.haml within layouts/application (32.8ms)
  Rendered shared/_header.html.haml (1.4ms)
  Rendered shared/_messages.html.haml (0.7ms)
  Rendered shared/_footer.html.haml (0.4ms)
Completed 200 OK in 128ms (Views: 107.3ms | ActiveRecord: 0.0ms)


Started POST "/users/sign_in" for ::1 at 2018-02-14 16:11:40 +0900
Processing by Devise::SessionsController#create as HTML
  Parameters: {"utf8"=>"✓", "authenticity_token"=>"ZO94YHGRtsYWUzEMvreh1NMfxBVqN1Ba47Sh5//DNrF2+BWZzY0CjPgUfnFEitWzTpFCzsFmKfLbAjFKEd0Myw==", "user"=>{"email"=>"adsoofmelk1327@gmail.com", "password"=>"[FILTERED]", "remember_me"=>"0"}}
  [1m[35mUser Load (0.3ms)[0m  SELECT  `users`.* FROM `users` WHERE `users`.`email` = 'adsoofmelk1327@gmail.com'  ORDER BY `users`.`id` ASC LIMIT 1
Completed 401 Unauthorized in 4ms (ActiveRecord: 0.3ms)
Processing by Devise::SessionsController#new as HTML
  Parameters: {"utf8"=>"✓", "authenticity_token"=>"ZO94YHGRtsYWUzEMvreh1NMfxBVqN1Ba47Sh5//DNrF2+BWZzY0CjPgUfnFEitWzTpFCzsFmKfLbAjFKEd0Myw==", "user"=>{"email"=>"adsoofmelk1327@gmail.com", "password"=>"[FILTERED]", "remember_me"=>"0"}}
  Rendered devise/sessions/new.html.haml within layouts/application (4.1ms)
  Rendered shared/_header.html.haml (1.8ms)
  Rendered shared/_messages.html.haml (0.2ms)
  Rendered shared/_footer.html.haml (0.1ms)
Completed 200 OK in 181ms (Views: 68.3ms | ActiveRecord: 0.0ms)


Started GET "/" for ::1 at 2018-02-14 16:11:47 +0900
Processing by PrototypesController#index as HTML
  [1m[36mPrototype Load (0.4ms)[0m  [1mSELECT `prototypes`.* FROM `prototypes`[0m
  Rendered prototypes/_prototype.html.haml (0.0ms)
  Rendered prototypes/index.html.haml within layouts/application (5.5ms)
  Rendered shared/_header.html.haml (2.8ms)
  Rendered shared/_messages.html.haml (0.2ms)
  Rendered shared/_footer.html.haml (0.1ms)
Completed 200 OK in 68ms (Views: 67.1ms | ActiveRecord: 0.4ms)


Started GET "/" for ::1 at 2018-02-15 09:31:14 +0900
  [1m[36mActiveRecord::SchemaMigration Load (21.3ms)[0m  [1mSELECT `schema_migrations`.* FROM `schema_migrations`[0m
Processing by PrototypesController#index as HTML
  [1m[35mPrototype Load (0.8ms)[0m  SELECT `prototypes`.* FROM `prototypes`
  Rendered prototypes/_prototype.html.haml (0.0ms)
  Rendered prototypes/index.html.haml within layouts/application (335.4ms)
  Rendered shared/_header.html.haml (19.0ms)
  Rendered shared/_messages.html.haml (3.3ms)
  Rendered shared/_footer.html.haml (3.3ms)
Completed 200 OK in 512ms (Views: 463.3ms | ActiveRecord: 1.7ms)


Started GET "/assets/jquery_ujs.self-784a997f6726036b1993eb2217c9cb558e1cbb801c6da88105588c56f13b466a.js?body=1" for ::1 at 2018-02-15 09:31:15 +0900


Started GET "/assets/logo-b99f177af8fb82de2d6d7b86e95c7f329d3d143edd8b225bc2875ad9dd6e0cc3.png" for ::1 at 2018-02-15 09:31:15 +0900


Started GET "/assets/turbolinks.self-1d1fddf91adc38ac2045c51f0a3e05ca97d07d24d15a4dcbf705009106489e69.js?body=1" for ::1 at 2018-02-15 09:31:15 +0900


Started GET "/assets/bootstrap.self-b38817c3e3a3049abb1fc08dd6ae448b23330f8453226efdb074710209474f75.js?body=1" for ::1 at 2018-02-15 09:31:15 +0900


Started GET "/assets/jquery.self-bd7ddd393353a8d2480a622e80342adf488fb6006d667e8b42e4c0073393abee.js?body=1" for ::1 at 2018-02-15 09:31:15 +0900


Started GET "/assets/header_logo-8d6ed49cb878026108dcfff6307c69ed2159e006f3ca557869cbfa1cc655a672.png" for ::1 at 2018-02-15 09:31:15 +0900


Started GET "/assets/application.self-f8806224e027f3e3f0138ea9ce99319e298dfdb323304d1f1be6eae8e8c74724.js?body=1" for ::1 at 2018-02-15 09:31:15 +0900


Started GET "/assets/header_bg-7f8478d544f567fa0568c7851ea2a3d9b914a090658efc7770e6e1d85842b7ef.png" for ::1 at 2018-02-15 09:31:16 +0900


Started GET "/users/sign_in" for ::1 at 2018-02-15 09:31:22 +0900
Processing by Devise::SessionsController#new as HTML
  Rendered devise/sessions/new.html.haml within layouts/application (29.7ms)
  Rendered shared/_header.html.haml (1.2ms)
  Rendered shared/_messages.html.haml (0.2ms)
  Rendered shared/_footer.html.haml (0.1ms)
Completed 200 OK in 99ms (Views: 80.8ms | ActiveRecord: 2.3ms)


Started GET "/users/sign_up" for ::1 at 2018-02-15 09:31:25 +0900
Processing by Devise::RegistrationsController#new as HTML
  Rendered devise/registrations/new.html.haml within layouts/application (17.3ms)
  Rendered shared/_header.html.haml (3.4ms)
  Rendered shared/_messages.html.haml (0.1ms)
  Rendered shared/_footer.html.haml (0.0ms)
Completed 200 OK in 98ms (Views: 96.7ms | ActiveRecord: 0.0ms)


Started POST "/users" for ::1 at 2018-02-15 09:31:54 +0900
Processing by Devise::RegistrationsController#create as HTML
  Parameters: {"utf8"=>"✓", "authenticity_token"=>"855WgMoY6Fmkcf8fFl3TWw/lfEaZC8zkNNORDX+Z8TzhiTt5dgRcE0o2sGLsYKc8kmv6nTJatUwMZQGgkYfLRg==", "user"=>{"name"=>"yusuke", "avatar"=>#<ActionDispatch::Http::UploadedFile:0x007ff2d5abeaa8 @tempfile=#<Tempfile:/var/folders/pv/y0x92nb138g0mxnh37gwblc40000gn/T/RackMultipart20180215-33172-128vrx3.jpg>, @original_filename="19191269.jpg", @content_type="image/jpeg", @headers="Content-Disposition: form-data; name=\"user[avatar]\"; filename=\"19191269.jpg\"\r\nContent-Type: image/jpeg\r\n">, "email"=>"adsoofmelk1327@gmail.com", "password"=>"[FILTERED]", "password_confirmation"=>"[FILTERED]", "position"=>"", "profile"=>"", "occupation"=>""}, "commit"=>"SIGN UP"}
  [1m[36m (1.0ms)[0m  [1mBEGIN[0m
  [1m[35mUser Exists (20.8ms)[0m  SELECT  1 AS one FROM `users` WHERE `users`.`email` = BINARY 'adsoofmelk1327@gmail.com' LIMIT 1
  [1m[36mSQL (24.8ms)[0m  [1mINSERT INTO `users` (`email`, `encrypted_password`, `name`, `profile`, `position`, `occupation`, `avatar`, `created_at`, `updated_at`) VALUES ('adsoofmelk1327@gmail.com', '$2a$10$JxE7NooSTFBxEDwyVMMG1./K0SFCXT.Ymy1Lh.wvUDQ.LBEgoG7km', 'yusuke', '', '', '', '19191269.jpg', '2018-02-15 00:31:54', '2018-02-15 00:31:54')[0m
  [1m[35m (16.1ms)[0m  COMMIT
  [1m[36m (0.1ms)[0m  [1mBEGIN[0m
  [1m[35mSQL (7.9ms)[0m  UPDATE `users` SET `last_sign_in_at` = '2018-02-15 00:31:54', `current_sign_in_at` = '2018-02-15 00:31:54', `last_sign_in_ip` = '::1', `current_sign_in_ip` = '::1', `sign_in_count` = 1, `updated_at` = '2018-02-15 00:31:54' WHERE `users`.`id` = 1
  [1m[36m (11.5ms)[0m  [1mCOMMIT[0m
Redirected to http://localhost:3000/
Completed 302 Found in 267ms (ActiveRecord: 82.3ms)


Started GET "/" for ::1 at 2018-02-15 09:31:54 +0900
Processing by PrototypesController#index as HTML
  [1m[35mPrototype Load (0.3ms)[0m  SELECT `prototypes`.* FROM `prototypes`
  Rendered prototypes/_prototype.html.haml (0.0ms)
  Rendered prototypes/index.html.haml within layouts/application (4.8ms)
  [1m[36mUser Load (1.3ms)[0m  [1mSELECT  `users`.* FROM `users` WHERE `users`.`id` = 1  ORDER BY `users`.`id` ASC LIMIT 1[0m
  Rendered shared/_header.html.haml (5.8ms)
  Rendered shared/_messages.html.haml (0.4ms)
  Rendered shared/_footer.html.haml (0.1ms)
Completed 200 OK in 63ms (Views: 60.3ms | ActiveRecord: 1.6ms)


Started GET "/prototypes/new" for ::1 at 2018-02-15 09:31:58 +0900
Processing by PrototypesController#new as HTML
  [1m[35mUser Load (0.4ms)[0m  SELECT  `users`.* FROM `users` WHERE `users`.`id` = 1  ORDER BY `users`.`id` ASC LIMIT 1
  Rendered prototypes/new.html.haml within layouts/application (18.9ms)
  Rendered shared/_header.html.haml (1.7ms)
  Rendered shared/_messages.html.haml (0.4ms)
  Rendered shared/_footer.html.haml (0.1ms)
Completed 200 OK in 137ms (Views: 66.7ms | ActiveRecord: 2.1ms)


Started GET "/assets/noimage-big-25c2ec470f6bb4ba4724d25436f786aa9d9cc3e080300063eec413fc8d8ff65e.png" for ::1 at 2018-02-15 09:31:58 +0900


Started GET "/assets/noimage-fd3ad275fb1eeb5833d37ea27786805eb20c588c67825da9e4ad6a22d43a86fe.png" for ::1 at 2018-02-15 09:31:59 +0900


Started POST "/prototypes" for ::1 at 2018-02-15 09:33:11 +0900
Processing by PrototypesController#create as HTML
  Parameters: {"utf8"=>"✓", "authenticity_token"=>"NAz6UNNui8qMKPF4t7cEEF83mdpyjSuskFjFPuOmEXImG5epb3I/gGJvvgVNinB3wrkfAdncUgSo7lWTDbgrCA==", "prototype"=>{"user_id"=>"1", "title"=>"test", "captured_images_attributes"=>{"0"=>{"content"=>#<ActionDispatch::Http::UploadedFile:0x007ff2da304628 @tempfile=#<Tempfile:/var/folders/pv/y0x92nb138g0mxnh37gwblc40000gn/T/RackMultipart20180215-33172-17levu9.jpg>, @original_filename="FB_IMG_1472994899635.jpg", @content_type="image/jpeg", @headers="Content-Disposition: form-data; name=\"prototype[captured_images_attributes][0][content]\"; filename=\"FB_IMG_1472994899635.jpg\"\r\nContent-Type: image/jpeg\r\n">, "status"=>"main"}, "1"=>{"content"=>#<ActionDispatch::Http::UploadedFile:0x007ff2da3044c0 @tempfile=#<Tempfile:/var/folders/pv/y0x92nb138g0mxnh37gwblc40000gn/T/RackMultipart20180215-33172-1xfir28.jpg>, @original_filename="19191269.jpg", @content_type="image/jpeg", @headers="Content-Disposition: form-data; name=\"prototype[captured_images_attributes][1][content]\"; filename=\"19191269.jpg\"\r\nContent-Type: image/jpeg\r\n">, "status"=>"sub"}, "2"=>{"status"=>"sub"}, "3"=>{"status"=>"sub"}}, "catch_copy"=>"TESTTEST", "concept"=>"TESTTEST"}, "commit"=>"PUBLISH"}
  [1m[36m (0.2ms)[0m  [1mBEGIN[0m
  [1m[35mSQL (1.1ms)[0m  INSERT INTO `prototypes` (`title`, `catch_copy`, `concept`, `user_id`, `created_at`, `updated_at`) VALUES ('test', 'TESTTEST', 'TESTTEST', 1, '2018-02-15 00:33:11', '2018-02-15 00:33:11')
  [1m[36mSQL (0.3ms)[0m  [1mINSERT INTO `captured_images` (`content`, `status`, `prototype_id`) VALUES ('FB_IMG_1472994899635.jpg', 0, 1)[0m
  [1m[35mSQL (0.5ms)[0m  INSERT INTO `captured_images` (`content`, `status`, `prototype_id`) VALUES ('19191269.jpg', 1, 1)
  [1m[36m (6.2ms)[0m  [1mCOMMIT[0m
Redirected to http://localhost:3000/
Completed 302 Found in 207ms (ActiveRecord: 8.2ms)


Started GET "/" for ::1 at 2018-02-15 09:33:11 +0900
Processing by PrototypesController#index as HTML
  [1m[35mPrototype Load (0.4ms)[0m  SELECT `prototypes`.* FROM `prototypes`
  [1m[36mCapturedImage Load (10.3ms)[0m  [1mSELECT  `captured_images`.* FROM `captured_images` WHERE `captured_images`.`prototype_id` = 1 AND `captured_images`.`status` = 0  ORDER BY `captured_images`.`id` ASC LIMIT 1[0m
  [1m[35mUser Load (0.3ms)[0m  SELECT  `users`.* FROM `users` WHERE `users`.`id` = 1 LIMIT 1
  Rendered prototypes/_prototype.html.haml (32.4ms)
  Rendered prototypes/index.html.haml within layouts/application (38.0ms)
  [1m[36mUser Load (0.3ms)[0m  [1mSELECT  `users`.* FROM `users` WHERE `users`.`id` = 1  ORDER BY `users`.`id` ASC LIMIT 1[0m
  Rendered shared/_header.html.haml (2.6ms)
  Rendered shared/_messages.html.haml (0.2ms)
  Rendered shared/_footer.html.haml (0.1ms)
Completed 200 OK in 81ms (Views: 68.9ms | ActiveRecord: 11.3ms)


Started GET "/prototypes/1" for ::1 at 2018-02-15 09:33:18 +0900
Processing by PrototypesController#show as HTML
  Parameters: {"id"=>"1"}
  [1m[35mPrototype Load (0.3ms)[0m  SELECT  `prototypes`.* FROM `prototypes` WHERE `prototypes`.`id` = 1 LIMIT 1
  [1m[36mUser Load (0.3ms)[0m  [1mSELECT  `users`.* FROM `users` WHERE `users`.`id` = 1 LIMIT 1[0m
  [1m[35mCapturedImage Load (0.3ms)[0m  SELECT  `captured_images`.* FROM `captured_images` WHERE `captured_images`.`prototype_id` = 1 AND `captured_images`.`status` = 0  ORDER BY `captured_images`.`id` ASC LIMIT 1
  [1m[36mCapturedImage Load (0.3ms)[0m  [1mSELECT `captured_images`.* FROM `captured_images` WHERE `captured_images`.`prototype_id` = 1 AND `captured_images`.`status` = 1[0m
  Rendered prototypes/show.html.haml within layouts/application (11.9ms)
  [1m[35mUser Load (0.4ms)[0m  SELECT  `users`.* FROM `users` WHERE `users`.`id` = 1  ORDER BY `users`.`id` ASC LIMIT 1
  Rendered shared/_header.html.haml (4.6ms)
  Rendered shared/_messages.html.haml (0.1ms)
  Rendered shared/_footer.html.haml (0.0ms)
Completed 200 OK in 60ms (Views: 56.6ms | ActiveRecord: 1.6ms)


Started GET "/" for ::1 at 2018-02-15 09:44:45 +0900

SyntaxError (/Users/yusukeharada/projects/22_protospace_team-a/app/controllers/prototypes_controller.rb:44: syntax error, unexpected end-of-input, expecting keyword_end):
  app/controllers/prototypes_controller.rb:44: syntax error, unexpected end-of-input, expecting keyword_end


  Rendered /Users/yusukeharada/.rbenv/versions/2.3.1/lib/ruby/gems/2.3.0/gems/actionpack-4.2.5/lib/action_dispatch/middleware/templates/rescues/_source.erb (4.8ms)
  Rendered /Users/yusukeharada/.rbenv/versions/2.3.1/lib/ruby/gems/2.3.0/gems/actionpack-4.2.5/lib/action_dispatch/middleware/templates/rescues/_trace.html.erb (2.1ms)
  Rendered /Users/yusukeharada/.rbenv/versions/2.3.1/lib/ruby/gems/2.3.0/gems/actionpack-4.2.5/lib/action_dispatch/middleware/templates/rescues/_request_and_response.html.erb (1.2ms)
  Rendered /Users/yusukeharada/.rbenv/versions/2.3.1/lib/ruby/gems/2.3.0/gems/actionpack-4.2.5/lib/action_dispatch/middleware/templates/rescues/diagnostics.html.erb within rescues/layout (123.1ms)
  Rendered /Users/yusukeharada/.rbenv/versions/2.3.1/lib/ruby/gems/2.3.0/gems/web-console-2.3.0/lib/web_console/templates/_markup.html.erb (0.4ms)
  Rendered /Users/yusukeharada/.rbenv/versions/2.3.1/lib/ruby/gems/2.3.0/gems/web-console-2.3.0/lib/web_console/templates/_inner_console_markup.html.erb within layouts/inlined_string (0.5ms)
  Rendered /Users/yusukeharada/.rbenv/versions/2.3.1/lib/ruby/gems/2.3.0/gems/web-console-2.3.0/lib/web_console/templates/_prompt_box_markup.html.erb within layouts/inlined_string (0.3ms)
  Rendered /Users/yusukeharada/.rbenv/versions/2.3.1/lib/ruby/gems/2.3.0/gems/web-console-2.3.0/lib/web_console/templates/style.css.erb within layouts/inlined_string (0.4ms)
  Rendered /Users/yusukeharada/.rbenv/versions/2.3.1/lib/ruby/gems/2.3.0/gems/web-console-2.3.0/lib/web_console/templates/console.js.erb within layouts/javascript (107.1ms)
  Rendered /Users/yusukeharada/.rbenv/versions/2.3.1/lib/ruby/gems/2.3.0/gems/web-console-2.3.0/lib/web_console/templates/main.js.erb within layouts/javascript (0.3ms)
  Rendered /Users/yusukeharada/.rbenv/versions/2.3.1/lib/ruby/gems/2.3.0/gems/web-console-2.3.0/lib/web_console/templates/error_page.js.erb within layouts/javascript (0.6ms)
  Rendered /Users/yusukeharada/.rbenv/versions/2.3.1/lib/ruby/gems/2.3.0/gems/web-console-2.3.0/lib/web_console/templates/index.html.erb (248.0ms)


Started GET "/" for ::1 at 2018-02-15 09:45:08 +0900
Processing by PrototypesController#index as HTML
  [1m[36mPrototype Load (0.4ms)[0m  [1mSELECT `prototypes`.* FROM `prototypes`[0m
  [1m[35mCapturedImage Load (0.3ms)[0m  SELECT  `captured_images`.* FROM `captured_images` WHERE `captured_images`.`prototype_id` = 1 AND `captured_images`.`status` = 0  ORDER BY `captured_images`.`id` ASC LIMIT 1
  [1m[36mUser Load (0.4ms)[0m  [1mSELECT  `users`.* FROM `users` WHERE `users`.`id` = 1 LIMIT 1[0m
  Rendered prototypes/_prototype.html.haml (32.3ms)
  Rendered prototypes/index.html.haml within layouts/application (56.3ms)
  [1m[35mUser Load (0.4ms)[0m  SELECT  `users`.* FROM `users` WHERE `users`.`id` = 1  ORDER BY `users`.`id` ASC LIMIT 1
  Rendered shared/_header.html.haml (3.4ms)
  Rendered shared/_messages.html.haml (0.1ms)
  Rendered shared/_footer.html.haml (0.1ms)
Completed 200 OK in 162ms (Views: 130.4ms | ActiveRecord: 18.0ms)


Started GET "/" for ::1 at 2018-02-15 10:01:31 +0900
  [1m[36mActiveRecord::SchemaMigration Load (6.3ms)[0m  [1mSELECT `schema_migrations`.* FROM `schema_migrations`[0m
Processing by PrototypesController#index as HTML
  [1m[35mPrototype Load (0.5ms)[0m  SELECT `prototypes`.* FROM `prototypes`
  [1m[36mCapturedImage Load (0.3ms)[0m  [1mSELECT  `captured_images`.* FROM `captured_images` WHERE `captured_images`.`prototype_id` = 1 AND `captured_images`.`status` = 0  ORDER BY `captured_images`.`id` ASC LIMIT 1[0m
  [1m[35mUser Load (0.4ms)[0m  SELECT  `users`.* FROM `users` WHERE `users`.`id` = 1 LIMIT 1
  Rendered prototypes/_prototype.html.haml (52.4ms)
  Rendered prototypes/index.html.haml within layouts/application (396.4ms)
  [1m[36mUser Load (0.3ms)[0m  [1mSELECT  `users`.* FROM `users` WHERE `users`.`id` = 1  ORDER BY `users`.`id` ASC LIMIT 1[0m
  Rendered shared/_header.html.haml (10.3ms)
  Rendered shared/_messages.html.haml (1.8ms)
  Rendered shared/_footer.html.haml (1.8ms)
Completed 200 OK in 528ms (Views: 493.2ms | ActiveRecord: 4.4ms)
